[debug] ----------------------------------------------------------------------
[debug] Command:      /usr/local/Cellar/node/7.8.0/bin/node /usr/local/bin/firebase open
[debug] CLI Version:  3.5.0
[debug] Platform:     darwin
[debug] Node Version: v7.8.0
[debug] Time:         Sun May 21 2017 17:47:02 GMT-0600 (MDT)
[debug] ----------------------------------------------------------------------
[debug] 
[debug] > command requires scopes: ["email","openid","https://www.googleapis.com/auth/cloudplatformprojects.readonly","https://www.googleapis.com/auth/firebase"]
[debug] > refreshing access token with scopes: ["email","https://www.googleapis.com/auth/cloudplatformprojects.readonly","https://www.googleapis.com/auth/firebase","openid"]
[debug] >>> HTTP REQUEST POST https://www.googleapis.com/oauth2/v3/token { refresh_token: '1/Idx5fXUmMZQL52bVEM47z-ac5tx8qILv8BFMtHUu-hg',
  client_id: '563584335869-fgrhgmd47bqnekij5i8b5pr03ho849e6.apps.googleusercontent.com',
  client_secret: 'j9iVZfS8kkCEFUPaAeJV0sAi',
  grant_type: 'refresh_token',
  scope: 'email https://www.googleapis.com/auth/cloudplatformprojects.readonly https://www.googleapis.com/auth/firebase openid' } 
 Sun May 21 2017 17:47:02 GMT-0600 (MDT)
[debug] <<< HTTP RESPONSE 200
[debug] >>> HTTP REQUEST GET https://admin.firebase.com/v1/projects/watson-tone-analyzer-e9efd  
 Sun May 21 2017 17:47:03 GMT-0600 (MDT)
[debug] <<< HTTP RESPONSE 200
[debug] >>> HTTP REQUEST GET https://admin.firebase.com/v1/database/watson-tone-analyzer-e9efd/tokens  
 Sun May 21 2017 17:47:03 GMT-0600 (MDT)
[debug] <<< HTTP RESPONSE 200
